{
  "RSpec": {
    "coverage": {
      "/Users/monicagerard/Development/code/prework/tic-tac-toe-rb/lib/tic_tac_toe.rb": [
        1,
        null,
        1,
        null,
        null,
        null,
        null,
        null,
        null,
        null,
        null,
        null,
        null,
        1,
        24,
        24,
        24,
        24,
        24,
        null,
        null,
        1,
        23,
        null,
        null,
        1,
        22,
        null,
        null,
        1,
        142,
        null,
        null,
        1,
        23,
        null,
        null,
        1,
        210,
        null,
        null,
        1,
        20,
        null,
        null,
        1,
        20,
        20,
        20,
        20,
        19,
        19,
        null,
        1,
        null,
        null,
        null,
        1,
        60,
        389,
        null,
        null,
        null,
        null,
        null,
        1,
        103,
        null,
        null,
        1,
        17,
        null,
        null,
        1,
        21,
        null,
        null,
        1,
        7,
        6,
        6,
        null,
        null,
        null,
        null,
        null,
        1,
        12,
        17,
        null,
        null,
        12,
        5,
        null,
        7,
        null,
        null
      ]
    },
    "timestamp": 1650072721
  }
}
